#! /usr/local/iverilog/bin/vvp
:ivl_version "11.0 (devel)" "(s20150603-642-g3bdb50da)";
:ivl_delay_selection "TYPICAL";
:vpi_time_precision - 10;
:vpi_module "system";
:vpi_module "vhdl_sys";
:vpi_module "vhdl_textio";
:vpi_module "v2005_math";
:vpi_module "va_math";
S_0000000000fb7c80 .scope module, "nand2" "nand2" 2 17;
 .timescale 0 0;
    .port_info 0 /INPUT 1 "i0";
    .port_info 1 /INPUT 1 "i1";
    .port_info 2 /OUTPUT 1 "o5";
o0000000000fb7fa8 .functor BUFZ 1, C4<z>; HiZ drive
v0000000000fa5d60_0 .net "i0", 0 0, o0000000000fb7fa8;  0 drivers
o0000000000fb7fd8 .functor BUFZ 1, C4<z>; HiZ drive
v0000000000fa57c0_0 .net "i1", 0 0, o0000000000fb7fd8;  0 drivers
v0000000000fa5ea0_0 .net "o5", 0 0, L_0000000001014740;  1 drivers
v0000000000fa5fe0_0 .net "t", 0 0, L_0000000000fab280;  1 drivers
S_0000000000f86350 .scope module, "and2_0" "and2" 2 19, 2 5 0, S_0000000000fb7c80;
 .timescale 0 0;
    .port_info 0 /INPUT 1 "i0";
    .port_info 1 /INPUT 1 "i1";
    .port_info 2 /OUTPUT 1 "o2";
L_0000000000fab280 .functor AND 1, o0000000000fb7fa8, o0000000000fb7fd8, C4<1>, C4<1>;
v0000000000fa5040_0 .net "i0", 0 0, o0000000000fb7fa8;  alias, 0 drivers
v0000000000fa59a0_0 .net "i1", 0 0, o0000000000fb7fd8;  alias, 0 drivers
v0000000000fa5f40_0 .net "o2", 0 0, L_0000000000fab280;  alias, 1 drivers
S_0000000000f864e0 .scope module, "invert_0" "invert" 2 20, 2 1 0, S_0000000000fb7c80;
 .timescale 0 0;
    .port_info 0 /INPUT 1 "i";
    .port_info 1 /OUTPUT 1 "o1";
v0000000000fa5a40_0 .net "i", 0 0, L_0000000000fab280;  alias, 1 drivers
v0000000000fa5680_0 .net "o1", 0 0, L_0000000001014740;  alias, 1 drivers
L_0000000001014740 .reduce/nor L_0000000000fab280;
S_0000000000fb7e10 .scope module, "tb" "tb" 3 4;
 .timescale -9 -10;
v0000000001015500_0 .var "cin", 0 0;
v0000000001015d20_0 .var "clk", 0 0;
v00000000010155a0_0 .net "cout", 0 0, L_0000000001016b90;  1 drivers
v00000000010142e0_0 .var/i "i", 31 0;
v0000000001015b40_0 .var "i0", 3 0;
v0000000001015be0_0 .var "i1", 3 0;
v0000000001015fa0_0 .net "o", 3 0, L_000000000101a030;  1 drivers
v0000000001014ba0_0 .var "reset", 0 0;
v00000000010144c0 .array "test_vecs", 7 0, 8 0;
S_0000000000f85570 .scope module, "u0" "fulladdR" 3 26, 4 3 0, S_0000000000fb7e10;
 .timescale 0 0;
    .port_info 0 /INPUT 4 "a";
    .port_info 1 /INPUT 4 "b";
    .port_info 2 /INPUT 1 "cin";
    .port_info 3 /OUTPUT 4 "sum";
    .port_info 4 /OUTPUT 1 "cout";
v0000000001015140_0 .net "a", 3 0, v0000000001015b40_0;  1 drivers
v0000000001014240_0 .net "b", 3 0, v0000000001015be0_0;  1 drivers
v0000000001014560_0 .net "c", 2 0, L_0000000001014ce0;  1 drivers
v00000000010150a0_0 .net "cin", 0 0, v0000000001015500_0;  1 drivers
v00000000010151e0_0 .net "cout", 0 0, L_0000000001016b90;  alias, 1 drivers
v0000000001015f00_0 .net "sum", 3 0, L_000000000101a030;  alias, 1 drivers
L_0000000001015a00 .part v0000000001015b40_0, 0, 1;
L_0000000001015c80 .part v0000000001015be0_0, 0, 1;
L_0000000001014420 .part v0000000001015b40_0, 1, 1;
L_0000000001014600 .part v0000000001015be0_0, 1, 1;
L_0000000001014b00 .part L_0000000001014ce0, 0, 1;
L_00000000010141a0 .part v0000000001015b40_0, 2, 1;
L_0000000001014a60 .part v0000000001015be0_0, 2, 1;
L_0000000001014c40 .part L_0000000001014ce0, 1, 1;
L_0000000001014ce0 .concat8 [ 1 1 1 0], L_0000000001016960, L_0000000001016dc0, L_0000000001016570;
L_000000000101a710 .part v0000000001015b40_0, 3, 1;
L_0000000001019630 .part v0000000001015be0_0, 3, 1;
L_000000000101a3f0 .part L_0000000001014ce0, 2, 1;
L_000000000101a030 .concat8 [ 1 1 1 1], L_0000000000fab3d0, L_0000000001016b20, L_0000000001016a40, L_0000000001016500;
S_0000000000f85700 .scope module, "u1" "fulladd" 4 8, 2 24 0, S_0000000000f85570;
 .timescale 0 0;
    .port_info 0 /INPUT 1 "a";
    .port_info 1 /INPUT 1 "b";
    .port_info 2 /INPUT 1 "cin";
    .port_info 3 /OUTPUT 1 "sum";
    .port_info 4 /OUTPUT 1 "cout";
v000000000100dcd0_0 .net "a", 0 0, L_0000000001015a00;  1 drivers
v000000000100cb50_0 .net "b", 0 0, L_0000000001015c80;  1 drivers
L_0000000001050088 .functor BUFT 1, C4<0>, C4<0>, C4<0>, C4<0>;
v000000000100c6f0_0 .net "cin", 0 0, L_0000000001050088;  1 drivers
v000000000100d410_0 .net "cout", 0 0, L_0000000001016960;  1 drivers
v000000000100d730_0 .net "sum", 0 0, L_0000000000fab3d0;  1 drivers
v000000000100cdd0_0 .net "t", 4 0, L_0000000001015320;  1 drivers
L_00000000010147e0 .part L_0000000001015320, 0, 1;
L_0000000001015dc0 .part L_0000000001015320, 1, 1;
L_0000000001015960 .part L_0000000001015320, 2, 1;
LS_0000000001015320_0_0 .concat8 [ 1 1 1 1], L_0000000000fab360, L_00000000010168f0, L_0000000001016810, L_0000000001016c00;
LS_0000000001015320_0_4 .concat8 [ 1 0 0 0], L_0000000001016260;
L_0000000001015320 .concat8 [ 4 1 0 0], LS_0000000001015320_0_0, LS_0000000001015320_0_4;
L_0000000001014ec0 .part L_0000000001015320, 3, 1;
L_0000000001015640 .part L_0000000001015320, 4, 1;
S_0000000000f86a80 .scope module, "a0" "and2" 2 29, 2 5 0, S_0000000000f85700;
 .timescale 0 0;
    .port_info 0 /INPUT 1 "i0";
    .port_info 1 /INPUT 1 "i1";
    .port_info 2 /OUTPUT 1 "o2";
L_00000000010168f0 .functor AND 1, L_0000000001015a00, L_0000000001015c80, C4<1>, C4<1>;
v0000000000fa6120_0 .net "i0", 0 0, L_0000000001015a00;  alias, 1 drivers
v0000000000f9b830_0 .net "i1", 0 0, L_0000000001015c80;  alias, 1 drivers
v0000000000f9b330_0 .net "o2", 0 0, L_00000000010168f0;  1 drivers
S_0000000000f86c10 .scope module, "a1" "and2" 2 30, 2 5 0, S_0000000000f85700;
 .timescale 0 0;
    .port_info 0 /INPUT 1 "i0";
    .port_info 1 /INPUT 1 "i1";
    .port_info 2 /OUTPUT 1 "o2";
L_0000000001016810 .functor AND 1, L_0000000001015a00, L_0000000001050088, C4<1>, C4<1>;
v0000000000f9b8d0_0 .net "i0", 0 0, L_0000000001015a00;  alias, 1 drivers
v0000000000f9bab0_0 .net "i1", 0 0, L_0000000001050088;  alias, 1 drivers
v0000000000f9b5b0_0 .net "o2", 0 0, L_0000000001016810;  1 drivers
S_0000000000f897a0 .scope module, "a2" "and2" 2 31, 2 5 0, S_0000000000f85700;
 .timescale 0 0;
    .port_info 0 /INPUT 1 "i0";
    .port_info 1 /INPUT 1 "i1";
    .port_info 2 /OUTPUT 1 "o2";
L_0000000001016c00 .functor AND 1, L_0000000001015c80, L_0000000001050088, C4<1>, C4<1>;
v000000000100c3d0_0 .net "i0", 0 0, L_0000000001015c80;  alias, 1 drivers
v000000000100c5b0_0 .net "i1", 0 0, L_0000000001050088;  alias, 1 drivers
v000000000100c470_0 .net "o2", 0 0, L_0000000001016c00;  1 drivers
S_0000000000f89930 .scope module, "o0" "or2" 2 33, 2 9 0, S_0000000000f85700;
 .timescale 0 0;
    .port_info 0 /INPUT 1 "i0";
    .port_info 1 /INPUT 1 "i1";
    .port_info 2 /OUTPUT 1 "o3";
L_0000000001016260 .functor OR 1, L_0000000001015dc0, L_0000000001015960, C4<0>, C4<0>;
v000000000100c510_0 .net "i0", 0 0, L_0000000001015dc0;  1 drivers
v000000000100d9b0_0 .net "i1", 0 0, L_0000000001015960;  1 drivers
v000000000100c830_0 .net "o3", 0 0, L_0000000001016260;  1 drivers
S_000000000104dda0 .scope module, "o1" "or2" 2 34, 2 9 0, S_0000000000f85700;
 .timescale 0 0;
    .port_info 0 /INPUT 1 "i0";
    .port_info 1 /INPUT 1 "i1";
    .port_info 2 /OUTPUT 1 "o3";
L_0000000001016960 .functor OR 1, L_0000000001014ec0, L_0000000001015640, C4<0>, C4<0>;
v000000000100d0f0_0 .net "i0", 0 0, L_0000000001014ec0;  1 drivers
v000000000100dd70_0 .net "i1", 0 0, L_0000000001015640;  1 drivers
v000000000100d690_0 .net "o3", 0 0, L_0000000001016960;  alias, 1 drivers
S_000000000104df30 .scope module, "x0" "xor2" 2 26, 2 13 0, S_0000000000f85700;
 .timescale 0 0;
    .port_info 0 /INPUT 1 "i0";
    .port_info 1 /INPUT 1 "i1";
    .port_info 2 /OUTPUT 1 "o4";
L_0000000000fab360 .functor XOR 1, L_0000000001015a00, L_0000000001015c80, C4<0>, C4<0>;
v000000000100db90_0 .net "i0", 0 0, L_0000000001015a00;  alias, 1 drivers
v000000000100c650_0 .net "i1", 0 0, L_0000000001015c80;  alias, 1 drivers
v000000000100c290_0 .net "o4", 0 0, L_0000000000fab360;  1 drivers
S_0000000000f84270 .scope module, "x1" "xor2" 2 27, 2 13 0, S_0000000000f85700;
 .timescale 0 0;
    .port_info 0 /INPUT 1 "i0";
    .port_info 1 /INPUT 1 "i1";
    .port_info 2 /OUTPUT 1 "o4";
L_0000000000fab3d0 .functor XOR 1, L_00000000010147e0, L_0000000001050088, C4<0>, C4<0>;
v000000000100d4b0_0 .net "i0", 0 0, L_00000000010147e0;  1 drivers
v000000000100d050_0 .net "i1", 0 0, L_0000000001050088;  alias, 1 drivers
v000000000100d910_0 .net "o4", 0 0, L_0000000000fab3d0;  alias, 1 drivers
S_0000000000f84400 .scope module, "u2" "fulladd" 4 9, 2 24 0, S_0000000000f85570;
 .timescale 0 0;
    .port_info 0 /INPUT 1 "a";
    .port_info 1 /INPUT 1 "b";
    .port_info 2 /INPUT 1 "cin";
    .port_info 3 /OUTPUT 1 "sum";
    .port_info 4 /OUTPUT 1 "cout";
v000000000100d190_0 .net "a", 0 0, L_0000000001014420;  1 drivers
v000000000100ce70_0 .net "b", 0 0, L_0000000001014600;  1 drivers
v000000000100dc30_0 .net "cin", 0 0, L_0000000001014b00;  1 drivers
v000000000100daf0_0 .net "cout", 0 0, L_0000000001016dc0;  1 drivers
v000000000100df50_0 .net "sum", 0 0, L_0000000001016b20;  1 drivers
v000000000100cf10_0 .net "t", 4 0, L_00000000010156e0;  1 drivers
L_00000000010153c0 .part L_00000000010156e0, 0, 1;
L_0000000001014d80 .part L_00000000010156e0, 1, 1;
L_0000000001014380 .part L_00000000010156e0, 2, 1;
LS_00000000010156e0_0_0 .concat8 [ 1 1 1 1], L_0000000001016420, L_00000000010166c0, L_0000000001016340, L_00000000010169d0;
LS_00000000010156e0_0_4 .concat8 [ 1 0 0 0], L_0000000001016180;
L_00000000010156e0 .concat8 [ 4 1 0 0], LS_00000000010156e0_0_0, LS_00000000010156e0_0_4;
L_00000000010149c0 .part L_00000000010156e0, 3, 1;
L_0000000001015e60 .part L_00000000010156e0, 4, 1;
S_0000000000f52bc0 .scope module, "a0" "and2" 2 29, 2 5 0, S_0000000000f84400;
 .timescale 0 0;
    .port_info 0 /INPUT 1 "i0";
    .port_info 1 /INPUT 1 "i1";
    .port_info 2 /OUTPUT 1 "o2";
L_00000000010166c0 .functor AND 1, L_0000000001014420, L_0000000001014600, C4<1>, C4<1>;
v000000000100c790_0 .net "i0", 0 0, L_0000000001014420;  alias, 1 drivers
v000000000100c8d0_0 .net "i1", 0 0, L_0000000001014600;  alias, 1 drivers
v000000000100c150_0 .net "o2", 0 0, L_00000000010166c0;  1 drivers
S_0000000000f52d50 .scope module, "a1" "and2" 2 30, 2 5 0, S_0000000000f84400;
 .timescale 0 0;
    .port_info 0 /INPUT 1 "i0";
    .port_info 1 /INPUT 1 "i1";
    .port_info 2 /OUTPUT 1 "o2";
L_0000000001016340 .functor AND 1, L_0000000001014420, L_0000000001014b00, C4<1>, C4<1>;
v000000000100c970_0 .net "i0", 0 0, L_0000000001014420;  alias, 1 drivers
v000000000100d550_0 .net "i1", 0 0, L_0000000001014b00;  alias, 1 drivers
v000000000100de10_0 .net "o2", 0 0, L_0000000001016340;  1 drivers
S_0000000000fa8540 .scope module, "a2" "and2" 2 31, 2 5 0, S_0000000000f84400;
 .timescale 0 0;
    .port_info 0 /INPUT 1 "i0";
    .port_info 1 /INPUT 1 "i1";
    .port_info 2 /OUTPUT 1 "o2";
L_00000000010169d0 .functor AND 1, L_0000000001014600, L_0000000001014b00, C4<1>, C4<1>;
v000000000100ca10_0 .net "i0", 0 0, L_0000000001014600;  alias, 1 drivers
v000000000100deb0_0 .net "i1", 0 0, L_0000000001014b00;  alias, 1 drivers
v000000000100c0b0_0 .net "o2", 0 0, L_00000000010169d0;  1 drivers
S_000000000100ea20 .scope module, "o0" "or2" 2 33, 2 9 0, S_0000000000f84400;
 .timescale 0 0;
    .port_info 0 /INPUT 1 "i0";
    .port_info 1 /INPUT 1 "i1";
    .port_info 2 /OUTPUT 1 "o3";
L_0000000001016180 .functor OR 1, L_0000000001014d80, L_0000000001014380, C4<0>, C4<0>;
v000000000100d7d0_0 .net "i0", 0 0, L_0000000001014d80;  1 drivers
v000000000100cab0_0 .net "i1", 0 0, L_0000000001014380;  1 drivers
v000000000100d2d0_0 .net "o3", 0 0, L_0000000001016180;  1 drivers
S_000000000100e250 .scope module, "o1" "or2" 2 34, 2 9 0, S_0000000000f84400;
 .timescale 0 0;
    .port_info 0 /INPUT 1 "i0";
    .port_info 1 /INPUT 1 "i1";
    .port_info 2 /OUTPUT 1 "o3";
L_0000000001016dc0 .functor OR 1, L_00000000010149c0, L_0000000001015e60, C4<0>, C4<0>;
v000000000100cbf0_0 .net "i0", 0 0, L_00000000010149c0;  1 drivers
v000000000100cc90_0 .net "i1", 0 0, L_0000000001015e60;  1 drivers
v000000000100d870_0 .net "o3", 0 0, L_0000000001016dc0;  alias, 1 drivers
S_000000000100ed40 .scope module, "x0" "xor2" 2 26, 2 13 0, S_0000000000f84400;
 .timescale 0 0;
    .port_info 0 /INPUT 1 "i0";
    .port_info 1 /INPUT 1 "i1";
    .port_info 2 /OUTPUT 1 "o4";
L_0000000001016420 .functor XOR 1, L_0000000001014420, L_0000000001014600, C4<0>, C4<0>;
v000000000100c1f0_0 .net "i0", 0 0, L_0000000001014420;  alias, 1 drivers
v000000000100c330_0 .net "i1", 0 0, L_0000000001014600;  alias, 1 drivers
v000000000100cfb0_0 .net "o4", 0 0, L_0000000001016420;  1 drivers
S_000000000100e570 .scope module, "x1" "xor2" 2 27, 2 13 0, S_0000000000f84400;
 .timescale 0 0;
    .port_info 0 /INPUT 1 "i0";
    .port_info 1 /INPUT 1 "i1";
    .port_info 2 /OUTPUT 1 "o4";
L_0000000001016b20 .functor XOR 1, L_00000000010153c0, L_0000000001014b00, C4<0>, C4<0>;
v000000000100d370_0 .net "i0", 0 0, L_00000000010153c0;  1 drivers
v000000000100cd30_0 .net "i1", 0 0, L_0000000001014b00;  alias, 1 drivers
v000000000100da50_0 .net "o4", 0 0, L_0000000001016b20;  alias, 1 drivers
S_000000000100ebb0 .scope module, "u3" "fulladd" 4 10, 2 24 0, S_0000000000f85570;
 .timescale 0 0;
    .port_info 0 /INPUT 1 "a";
    .port_info 1 /INPUT 1 "b";
    .port_info 2 /INPUT 1 "cin";
    .port_info 3 /OUTPUT 1 "sum";
    .port_info 4 /OUTPUT 1 "cout";
v0000000001010250_0 .net "a", 0 0, L_00000000010141a0;  1 drivers
v00000000010106b0_0 .net "b", 0 0, L_0000000001014a60;  1 drivers
v0000000001010ed0_0 .net "cin", 0 0, L_0000000001014c40;  1 drivers
v00000000010104d0_0 .net "cout", 0 0, L_0000000001016570;  1 drivers
v000000000100f0d0_0 .net "sum", 0 0, L_0000000001016a40;  1 drivers
v0000000001010750_0 .net "t", 4 0, L_0000000001014880;  1 drivers
L_0000000001014100 .part L_0000000001014880, 0, 1;
L_00000000010146a0 .part L_0000000001014880, 1, 1;
L_0000000001015280 .part L_0000000001014880, 2, 1;
LS_0000000001014880_0_0 .concat8 [ 1 1 1 1], L_00000000010163b0, L_0000000001016e30, L_0000000001016730, L_0000000001016ea0;
LS_0000000001014880_0_4 .concat8 [ 1 0 0 0], L_0000000001016490;
L_0000000001014880 .concat8 [ 4 1 0 0], LS_0000000001014880_0_0, LS_0000000001014880_0_4;
L_0000000001015460 .part L_0000000001014880, 3, 1;
L_0000000001015000 .part L_0000000001014880, 4, 1;
S_000000000100eed0 .scope module, "a0" "and2" 2 29, 2 5 0, S_000000000100ebb0;
 .timescale 0 0;
    .port_info 0 /INPUT 1 "i0";
    .port_info 1 /INPUT 1 "i1";
    .port_info 2 /OUTPUT 1 "o2";
L_0000000001016e30 .functor AND 1, L_00000000010141a0, L_0000000001014a60, C4<1>, C4<1>;
v000000000100d230_0 .net "i0", 0 0, L_00000000010141a0;  alias, 1 drivers
v000000000100d5f0_0 .net "i1", 0 0, L_0000000001014a60;  alias, 1 drivers
v000000000100fcb0_0 .net "o2", 0 0, L_0000000001016e30;  1 drivers
S_000000000100e3e0 .scope module, "a1" "and2" 2 30, 2 5 0, S_000000000100ebb0;
 .timescale 0 0;
    .port_info 0 /INPUT 1 "i0";
    .port_info 1 /INPUT 1 "i1";
    .port_info 2 /OUTPUT 1 "o2";
L_0000000001016730 .functor AND 1, L_00000000010141a0, L_0000000001014c40, C4<1>, C4<1>;
v0000000001010a70_0 .net "i0", 0 0, L_00000000010141a0;  alias, 1 drivers
v000000000100f2b0_0 .net "i1", 0 0, L_0000000001014c40;  alias, 1 drivers
v000000000100f350_0 .net "o2", 0 0, L_0000000001016730;  1 drivers
S_000000000100e700 .scope module, "a2" "and2" 2 31, 2 5 0, S_000000000100ebb0;
 .timescale 0 0;
    .port_info 0 /INPUT 1 "i0";
    .port_info 1 /INPUT 1 "i1";
    .port_info 2 /OUTPUT 1 "o2";
L_0000000001016ea0 .functor AND 1, L_0000000001014a60, L_0000000001014c40, C4<1>, C4<1>;
v00000000010101b0_0 .net "i0", 0 0, L_0000000001014a60;  alias, 1 drivers
v0000000001010d90_0 .net "i1", 0 0, L_0000000001014c40;  alias, 1 drivers
v0000000001010e30_0 .net "o2", 0 0, L_0000000001016ea0;  1 drivers
S_000000000100e890 .scope module, "o0" "or2" 2 33, 2 9 0, S_000000000100ebb0;
 .timescale 0 0;
    .port_info 0 /INPUT 1 "i0";
    .port_info 1 /INPUT 1 "i1";
    .port_info 2 /OUTPUT 1 "o3";
L_0000000001016490 .functor OR 1, L_00000000010146a0, L_0000000001015280, C4<0>, C4<0>;
v00000000010102f0_0 .net "i0", 0 0, L_00000000010146a0;  1 drivers
v0000000001010bb0_0 .net "i1", 0 0, L_0000000001015280;  1 drivers
v000000000100fb70_0 .net "o3", 0 0, L_0000000001016490;  1 drivers
S_000000000100e0c0 .scope module, "o1" "or2" 2 34, 2 9 0, S_000000000100ebb0;
 .timescale 0 0;
    .port_info 0 /INPUT 1 "i0";
    .port_info 1 /INPUT 1 "i1";
    .port_info 2 /OUTPUT 1 "o3";
L_0000000001016570 .functor OR 1, L_0000000001015460, L_0000000001015000, C4<0>, C4<0>;
v000000000100f3f0_0 .net "i0", 0 0, L_0000000001015460;  1 drivers
v000000000100f490_0 .net "i1", 0 0, L_0000000001015000;  1 drivers
v0000000001010b10_0 .net "o3", 0 0, L_0000000001016570;  alias, 1 drivers
S_00000000010118b0 .scope module, "x0" "xor2" 2 26, 2 13 0, S_000000000100ebb0;
 .timescale 0 0;
    .port_info 0 /INPUT 1 "i0";
    .port_info 1 /INPUT 1 "i1";
    .port_info 2 /OUTPUT 1 "o4";
L_00000000010163b0 .functor XOR 1, L_00000000010141a0, L_0000000001014a60, C4<0>, C4<0>;
v000000000100fe90_0 .net "i0", 0 0, L_00000000010141a0;  alias, 1 drivers
v0000000001010890_0 .net "i1", 0 0, L_0000000001014a60;  alias, 1 drivers
v000000000100fad0_0 .net "o4", 0 0, L_00000000010163b0;  1 drivers
S_0000000001012210 .scope module, "x1" "xor2" 2 27, 2 13 0, S_000000000100ebb0;
 .timescale 0 0;
    .port_info 0 /INPUT 1 "i0";
    .port_info 1 /INPUT 1 "i1";
    .port_info 2 /OUTPUT 1 "o4";
L_0000000001016a40 .functor XOR 1, L_0000000001014100, L_0000000001014c40, C4<0>, C4<0>;
v000000000100fdf0_0 .net "i0", 0 0, L_0000000001014100;  1 drivers
v0000000001010f70_0 .net "i1", 0 0, L_0000000001014c40;  alias, 1 drivers
v000000000100fc10_0 .net "o4", 0 0, L_0000000001016a40;  alias, 1 drivers
S_0000000001011590 .scope module, "u4" "fulladd" 4 11, 2 24 0, S_0000000000f85570;
 .timescale 0 0;
    .port_info 0 /INPUT 1 "a";
    .port_info 1 /INPUT 1 "b";
    .port_info 2 /INPUT 1 "cin";
    .port_info 3 /OUTPUT 1 "sum";
    .port_info 4 /OUTPUT 1 "cout";
v000000000100f990_0 .net "a", 0 0, L_000000000101a710;  1 drivers
v000000000100fa30_0 .net "b", 0 0, L_0000000001019630;  1 drivers
v0000000001010570_0 .net "cin", 0 0, L_000000000101a3f0;  1 drivers
v0000000001010610_0 .net "cout", 0 0, L_0000000001016b90;  alias, 1 drivers
v0000000001015aa0_0 .net "sum", 0 0, L_0000000001016500;  1 drivers
v0000000001014920_0 .net "t", 4 0, L_0000000001015820;  1 drivers
L_0000000001015780 .part L_0000000001015820, 0, 1;
L_0000000001014e20 .part L_0000000001015820, 1, 1;
L_0000000001014f60 .part L_0000000001015820, 2, 1;
LS_0000000001015820_0_0 .concat8 [ 1 1 1 1], L_0000000001016ab0, L_00000000010165e0, L_0000000001016650, L_00000000010167a0;
LS_0000000001015820_0_4 .concat8 [ 1 0 0 0], L_0000000001016f10;
L_0000000001015820 .concat8 [ 4 1 0 0], LS_0000000001015820_0_0, LS_0000000001015820_0_4;
L_00000000010158c0 .part L_0000000001015820, 3, 1;
L_0000000001019db0 .part L_0000000001015820, 4, 1;
S_0000000001011400 .scope module, "a0" "and2" 2 29, 2 5 0, S_0000000001011590;
 .timescale 0 0;
    .port_info 0 /INPUT 1 "i0";
    .port_info 1 /INPUT 1 "i1";
    .port_info 2 /OUTPUT 1 "o2";
L_00000000010165e0 .functor AND 1, L_000000000101a710, L_0000000001019630, C4<1>, C4<1>;
v000000000100fd50_0 .net "i0", 0 0, L_000000000101a710;  alias, 1 drivers
v000000000100f170_0 .net "i1", 0 0, L_0000000001019630;  alias, 1 drivers
v0000000001010390_0 .net "o2", 0 0, L_00000000010165e0;  1 drivers
S_00000000010129e0 .scope module, "a1" "and2" 2 30, 2 5 0, S_0000000001011590;
 .timescale 0 0;
    .port_info 0 /INPUT 1 "i0";
    .port_info 1 /INPUT 1 "i1";
    .port_info 2 /OUTPUT 1 "o2";
L_0000000001016650 .functor AND 1, L_000000000101a710, L_000000000101a3f0, C4<1>, C4<1>;
v000000000100f210_0 .net "i0", 0 0, L_000000000101a710;  alias, 1 drivers
v000000000100f530_0 .net "i1", 0 0, L_000000000101a3f0;  alias, 1 drivers
v0000000001010930_0 .net "o2", 0 0, L_0000000001016650;  1 drivers
S_0000000001012b70 .scope module, "a2" "and2" 2 31, 2 5 0, S_0000000001011590;
 .timescale 0 0;
    .port_info 0 /INPUT 1 "i0";
    .port_info 1 /INPUT 1 "i1";
    .port_info 2 /OUTPUT 1 "o2";
L_00000000010167a0 .functor AND 1, L_0000000001019630, L_000000000101a3f0, C4<1>, C4<1>;
v000000000100f850_0 .net "i0", 0 0, L_0000000001019630;  alias, 1 drivers
v00000000010107f0_0 .net "i1", 0 0, L_000000000101a3f0;  alias, 1 drivers
v000000000100f5d0_0 .net "o2", 0 0, L_00000000010167a0;  1 drivers
S_0000000001011270 .scope module, "o0" "or2" 2 33, 2 9 0, S_0000000001011590;
 .timescale 0 0;
    .port_info 0 /INPUT 1 "i0";
    .port_info 1 /INPUT 1 "i1";
    .port_info 2 /OUTPUT 1 "o3";
L_0000000001016f10 .functor OR 1, L_0000000001014e20, L_0000000001014f60, C4<0>, C4<0>;
v00000000010109d0_0 .net "i0", 0 0, L_0000000001014e20;  1 drivers
v0000000001010c50_0 .net "i1", 0 0, L_0000000001014f60;  1 drivers
v0000000001010cf0_0 .net "o3", 0 0, L_0000000001016f10;  1 drivers
S_0000000001011720 .scope module, "o1" "or2" 2 34, 2 9 0, S_0000000001011590;
 .timescale 0 0;
    .port_info 0 /INPUT 1 "i0";
    .port_info 1 /INPUT 1 "i1";
    .port_info 2 /OUTPUT 1 "o3";
L_0000000001016b90 .functor OR 1, L_00000000010158c0, L_0000000001019db0, C4<0>, C4<0>;
v000000000100f670_0 .net "i0", 0 0, L_00000000010158c0;  1 drivers
v000000000100f710_0 .net "i1", 0 0, L_0000000001019db0;  1 drivers
v000000000100f7b0_0 .net "o3", 0 0, L_0000000001016b90;  alias, 1 drivers
S_0000000001012d00 .scope module, "x0" "xor2" 2 26, 2 13 0, S_0000000001011590;
 .timescale 0 0;
    .port_info 0 /INPUT 1 "i0";
    .port_info 1 /INPUT 1 "i1";
    .port_info 2 /OUTPUT 1 "o4";
L_0000000001016ab0 .functor XOR 1, L_000000000101a710, L_0000000001019630, C4<0>, C4<0>;
v000000000100ff30_0 .net "i0", 0 0, L_000000000101a710;  alias, 1 drivers
v000000000100ffd0_0 .net "i1", 0 0, L_0000000001019630;  alias, 1 drivers
v000000000100f8f0_0 .net "o4", 0 0, L_0000000001016ab0;  1 drivers
S_0000000001011d60 .scope module, "x1" "xor2" 2 27, 2 13 0, S_0000000001011590;
 .timescale 0 0;
    .port_info 0 /INPUT 1 "i0";
    .port_info 1 /INPUT 1 "i1";
    .port_info 2 /OUTPUT 1 "o4";
L_0000000001016500 .functor XOR 1, L_0000000001015780, L_000000000101a3f0, C4<0>, C4<0>;
v0000000001010070_0 .net "i0", 0 0, L_0000000001015780;  1 drivers
v0000000001010110_0 .net "i1", 0 0, L_000000000101a3f0;  alias, 1 drivers
v0000000001010430_0 .net "o4", 0 0, L_0000000001016500;  alias, 1 drivers
    .scope S_0000000000fb7e10;
T_0 ;
    %vpi_call 3 10 "$dumpfile", "dump.vcd" {0 0 0};
    %vpi_call 3 11 "$dumpvars", 32'sb00000000000000000000000000000000, S_0000000000fb7e10 {0 0 0};
    %end;
    .thread T_0;
    .scope S_0000000000fb7e10;
T_1 ;
    %pushi/vec4 1, 0, 1;
    %store/vec4 v0000000001014ba0_0, 0, 1;
    %delay 125, 0;
    %pushi/vec4 0, 0, 1;
    %store/vec4 v0000000001014ba0_0, 0, 1;
    %end;
    .thread T_1;
    .scope S_0000000000fb7e10;
T_2 ;
    %pushi/vec4 0, 0, 1;
    %store/vec4 v0000000001015d20_0, 0, 1;
    %end;
    .thread T_2;
    .scope S_0000000000fb7e10;
T_3 ;
    %delay 50, 0;
    %load/vec4 v0000000001015d20_0;
    %inv;
    %store/vec4 v0000000001015d20_0, 0, 1;
    %jmp T_3;
    .thread T_3;
    .scope S_0000000000fb7e10;
T_4 ;
    %pushi/vec4 2, 0, 9;
    %ix/load 4, 0, 0;
    %flag_set/imm 4, 0;
    %store/vec4a v00000000010144c0, 4, 0;
    %pushi/vec4 34, 0, 9;
    %ix/load 4, 1, 0;
    %flag_set/imm 4, 0;
    %store/vec4a v00000000010144c0, 4, 0;
    %pushi/vec4 226, 0, 9;
    %ix/load 4, 2, 0;
    %flag_set/imm 4, 0;
    %store/vec4a v00000000010144c0, 4, 0;
    %pushi/vec4 14, 0, 9;
    %ix/load 4, 3, 0;
    %flag_set/imm 4, 0;
    %store/vec4a v00000000010144c0, 4, 0;
    %pushi/vec4 207, 0, 9;
    %ix/load 4, 4, 0;
    %flag_set/imm 4, 0;
    %store/vec4a v00000000010144c0, 4, 0;
    %pushi/vec4 115, 0, 9;
    %ix/load 4, 5, 0;
    %flag_set/imm 4, 0;
    %store/vec4a v00000000010144c0, 4, 0;
    %pushi/vec4 483, 0, 9;
    %ix/load 4, 6, 0;
    %flag_set/imm 4, 0;
    %store/vec4a v00000000010144c0, 4, 0;
    %pushi/vec4 238, 0, 9;
    %ix/load 4, 7, 0;
    %flag_set/imm 4, 0;
    %store/vec4a v00000000010144c0, 4, 0;
    %end;
    .thread T_4;
    .scope S_0000000000fb7e10;
T_5 ;
    %pushi/vec4 0, 0, 41;
    %split/vec4 32;
    %store/vec4 v00000000010142e0_0, 0, 32;
    %split/vec4 1;
    %store/vec4 v0000000001015500_0, 0, 1;
    %split/vec4 4;
    %store/vec4 v0000000001015be0_0, 0, 4;
    %store/vec4 v0000000001015b40_0, 0, 4;
    %end;
    .thread T_5;
    .scope S_0000000000fb7e10;
T_6 ;
    %delay 60, 0;
    %pushi/vec4 0, 0, 32;
    %store/vec4 v00000000010142e0_0, 0, 32;
T_6.0 ;
    %load/vec4 v00000000010142e0_0;
    %cmpi/s 8, 0, 32;
    %jmp/0xz T_6.1, 5;
    %delay 100, 0;
    %ix/getv/s 4, v00000000010142e0_0;
    %load/vec4a v00000000010144c0, 4;
    %split/vec4 1;
    %store/vec4 v0000000001015500_0, 0, 1;
    %split/vec4 4;
    %store/vec4 v0000000001015be0_0, 0, 4;
    %store/vec4 v0000000001015b40_0, 0, 4;
    %load/vec4 v00000000010142e0_0;
    %addi 1, 0, 32;
    %store/vec4 v00000000010142e0_0, 0, 32;
    %jmp T_6.0;
T_6.1 ;
    %delay 1000, 0;
    %vpi_call 3 30 "$finish" {0 0 0};
    %end;
    .thread T_6;
# The file index is used to find the file name in the following table.
:file_names 5;
    "N/A";
    "<interactive>";
    "d1.v";
    "dtestBench.v";
    "d2.v";
